Build started 1/30/2015 9:32:16 PM.
     1>Project "C:\projects\KodeEngine\KodeEngine\KodeEngine.vcxproj" on node 2 (Build target(s)).
     1>ClCompile:
         C:\Program Files (x86)\Microsoft Visual Studio 12.0\VC\bin\CL.exe /c /ZI /nologo /W3 /WX- /sdl /Od /Oy- /D _MBCS /Gm /EHsc /RTC1 /MDd /GS /fp:precise /Zc:wchar_t /Zc:forScope /Fo"Debug\\" /Fd"Debug\vc120.pdb" /Gd /TP /analyze- /errorReport:prompt shader.cpp
         shader.cpp
       Link:
         C:\Program Files (x86)\Microsoft Visual Studio 12.0\VC\bin\link.exe /ERRORREPORT:PROMPT /OUT:"C:\projects\KodeEngine\Debug\KodeEngine.exe" /INCREMENTAL /NOLOGO SDL2.lib SDL2main.lib SDL2test.lib opengl32.lib glew32.lib kernel32.lib user32.lib gdi32.lib winspool.lib comdlg32.lib advapi32.lib shell32.lib ole32.lib oleaut32.lib uuid.lib odbc32.lib odbccp32.lib /MANIFEST /MANIFESTUAC:"level='asInvoker' uiAccess='false'" /manifest:embed /DEBUG /PDB:"C:\projects\KodeEngine\Debug\KodeEngine.pdb" /SUBSYSTEM:CONSOLE /TLBID:1 /DYNAMICBASE /NXCOMPAT /IMPLIB:"C:\projects\KodeEngine\Debug\KodeEngine.lib" /MACHINE:X86 Debug\camera.obj
         Debug\FPSCamera.obj
         Debug\image.obj
         Debug\input.obj
         Debug\IOManager.obj
         Debug\main.obj
         Debug\model.obj
         Debug\shader.obj
         Debug\Shape.obj
         Debug\window.obj
         KodeEngine.vcxproj -> C:\projects\KodeEngine\Debug\KodeEngine.exe
     1>Done Building Project "C:\projects\KodeEngine\KodeEngine\KodeEngine.vcxproj" (Build target(s)).

Build succeeded.

Time Elapsed 00:00:00.62
